<?xml version="1.0" encoding="UTF-8"?>
<testng-results skipped="0" failed="0" ignored="0" total="1" passed="1">
  <reporter-output>
  </reporter-output>
  <suite name="Default suite" duration-ms="92" started-at="2018-08-21T12:59:12Z" finished-at="2018-08-21T12:59:12Z">
    <groups>
    </groups>
    <test name="Default test" duration-ms="92" started-at="2018-08-21T12:59:12Z" finished-at="2018-08-21T12:59:12Z">
      <class name="day2test.pageTest">
        <test-method status="PASS" signature="test()[pri:0, instance:day2test.pageTest@523884b2]" name="test" duration-ms="25" started-at="2018-08-21T12:59:12Z" finished-at="2018-08-21T12:59:12Z">
          <reporter-output>
          </reporter-output>
        </test-method> <!-- test -->
      </class> <!-- day2test.pageTest -->
    </test> <!-- Default test -->
  </suite> <!-- Default suite -->
</testng-results>
